[2018/04/17 13:18:49] Failed to download"600359新农开发2017年年度报告.PDF"
[2018/04/17 13:18:49] Failed to download"600359新农开发2017年年度报告摘要.PDF"
[2018/04/17 13:18:49] Failed to download"600506香梨股份2017年年度报告摘要.PDF"
[2018/04/17 13:18:50] Failed to download"600506香梨股份2017年年度报告.PDF"
[2018/04/17 13:18:50] Failed to download"300498温氏股份2017年年度报告.PDF"
[2018/04/17 13:18:50] Failed to download"300498温氏股份2017年年度报告摘要.PDF"
[2018/04/17 13:18:51] Failed to download"300087荃银高科2017年年度报告.PDF"
[2018/04/17 13:18:51] Failed to download"300087荃银高科2017年年度报告摘要.PDF"
[2018/04/17 13:18:52] Failed to download"300106西部牧业2017年年度报告.PDF"
[2018/04/17 13:18:52] Failed to download"300106西部牧业2017年年度报告摘要.PDF"
[2018/04/17 13:18:52] Failed to download"600598北大荒2017年年度报告摘要.PDF"
[2018/04/17 13:18:52] Failed to download"600598北大荒2017年年度报告.PDF"
[2018/04/17 13:18:53] Failed to download"000798中水渔业2017年年度报告摘要.PDF"
[2018/04/17 13:18:53] Failed to download"000798中水渔业2017年年度报告.PDF"
[2018/04/17 13:18:53] Failed to download"600540ST新赛2017年年度报告摘要.PDF"
[2018/04/17 13:18:53] Failed to download"600540ST新赛2017年年度报告.PDF"
[2018/04/17 13:18:54] Failed to download"600965福成股份2017年年度报告.PDF"
[2018/04/17 13:18:54] Failed to download"600965福成股份2017年年度报告摘要.PDF"
[2018/04/17 13:18:55] Failed to download"600265ST景谷2017年年度报告.PDF"
[2018/04/17 13:18:55] Failed to download"600265ST景谷2017年年度报告摘要.PDF"
[2018/04/17 13:18:55] Failed to download"002772众兴菌业2017年年度报告.PDF"
[2018/04/17 13:18:55] Failed to download"002772众兴菌业2017年年度报告摘要.PDF"
